INFO:  ANSI Code Page: 949
INFO:  latexindent.exe version 3.24.7, 2025-08-15, a script to indent .tex files
       latexindent.exe lives here: C:/texlive/2025/bin/windows/
       Thu Jan 15 13:46:37 2026
       Filename: C:\Users\yskim\Project\smartfarm-workspace-1\docs\era-smartfarm-rag\paper\latex\main.tex
INFO:  Processing switches:
       -s|--silent: Silent mode active (you have used either -s or --silent)
       -w|--overwrite: Overwrite mode active, will make a back up before overwriting
INFO:  Directory for backup files and log file indent.log:
       C:\Users\yskim\Project\smartfarm-workspace-1\docs\era-smartfarm-rag\paper\latex
INFO:  YAML settings read: defaultSettings.yaml
       Reading defaultSettings.yaml from C:/texlive/2025/bin/windows/defaultSettings.yaml
       Reading defaultSettings.yaml (2nd attempt) from C:/texlive/2025/bin/windows/../../texmf-dist/scripts/latexindent/defaultSettings.yaml
       and then, if necessary, C:/texlive/2025/bin/windows/LatexIndent/defaultSettings.yaml
INFO:  YAML reading settings
       Home directory is C:\Users\yskim
       latexindent.pl didn't find indentconfig.yaml or .indentconfig.yaml
       see all possible locations: https://latexindentpl.readthedocs.io/en/latest/sec-appendices.html#indentconfig-options)
INFO:  Backup procedure (-w flag active):
       Backing up C:\Users\yskim\Project\smartfarm-workspace-1\docs\era-smartfarm-rag\paper\latex\main.tex to C:\Users\yskim\Project\smartfarm-workspace-1\docs\era-smartfarm-rag\paper\latex\main.bak0...
       C:\Users\yskim\Project\smartfarm-workspace-1\docs\era-smartfarm-rag\paper\latex\main.tex will be overwritten after indentation
INFO:  Phase 1: searching for objects
INFO:  Phase 2: finding surrounding indentation
INFO:  Phase 3: indenting objects
INFO:  Phase 4: final indentation check
INFO:  Output routine:
       Overwriting file C:\Users\yskim\Project\smartfarm-workspace-1\docs\era-smartfarm-rag\paper\latex\main.tex
       --------------
INFO:  Please direct all communication/issues to:
        https://github.com/cmhughes/latexindent.pl
